c:\users\starias\desktop\dydvideojuegos\uni\segundo\cuatri2\ig\practica1\ig1app\x64\debug\vc142.pdb
c:\users\starias\desktop\dydvideojuegos\uni\segundo\cuatri2\ig\practica1\ig1app\x64\debug\vc142.idb
c:\users\starias\desktop\dydvideojuegos\uni\segundo\cuatri2\ig\practica1\ig1app\x64\debug\viewport.obj
c:\users\starias\desktop\dydvideojuegos\uni\segundo\cuatri2\ig\practica1\ig1app\x64\debug\triangulorgb.obj
c:\users\starias\desktop\dydvideojuegos\uni\segundo\cuatri2\ig\practica1\ig1app\x64\debug\sierpinski.obj
c:\users\starias\desktop\dydvideojuegos\uni\segundo\cuatri2\ig\practica1\ig1app\x64\debug\scene.obj
c:\users\starias\desktop\dydvideojuegos\uni\segundo\cuatri2\ig\practica1\ig1app\x64\debug\poligono.obj
c:\users\starias\desktop\dydvideojuegos\uni\segundo\cuatri2\ig\practica1\ig1app\x64\debug\mesh.obj
c:\users\starias\desktop\dydvideojuegos\uni\segundo\cuatri2\ig\practica1\ig1app\x64\debug\main.obj
c:\users\starias\desktop\dydvideojuegos\uni\segundo\cuatri2\ig\practica1\ig1app\x64\debug\ig1app.obj
c:\users\starias\desktop\dydvideojuegos\uni\segundo\cuatri2\ig\practica1\ig1app\x64\debug\entity.obj
c:\users\starias\desktop\dydvideojuegos\uni\segundo\cuatri2\ig\practica1\ig1app\x64\debug\camera.obj
c:\users\starias\desktop\dydvideojuegos\uni\segundo\cuatri2\ig\practica1\bin\ig1appdebug.exe
c:\users\starias\desktop\dydvideojuegos\uni\segundo\cuatri2\ig\practica1\bin\ig1appdebug.ilk
c:\users\starias\desktop\dydvideojuegos\uni\segundo\cuatri2\ig\practica1\bin\ig1appdebug.pdb
c:\users\starias\desktop\dydvideojuegos\uni\segundo\cuatri2\ig\practica-_1\ig1app\x64\debug\camera.obj
c:\users\starias\desktop\dydvideojuegos\uni\segundo\cuatri2\ig\practica-_1\ig1app\x64\debug\entity.obj
c:\users\starias\desktop\dydvideojuegos\uni\segundo\cuatri2\ig\practica-_1\ig1app\x64\debug\ig1app.obj
c:\users\starias\desktop\dydvideojuegos\uni\segundo\cuatri2\ig\practica-_1\ig1app\x64\debug\main.obj
c:\users\starias\desktop\dydvideojuegos\uni\segundo\cuatri2\ig\practica-_1\ig1app\x64\debug\mesh.obj
c:\users\starias\desktop\dydvideojuegos\uni\segundo\cuatri2\ig\practica-_1\ig1app\x64\debug\poligono.obj
c:\users\starias\desktop\dydvideojuegos\uni\segundo\cuatri2\ig\practica-_1\ig1app\x64\debug\scene.obj
c:\users\starias\desktop\dydvideojuegos\uni\segundo\cuatri2\ig\practica-_1\ig1app\x64\debug\sierpinski.obj
c:\users\starias\desktop\dydvideojuegos\uni\segundo\cuatri2\ig\practica-_1\ig1app\x64\debug\triangulorgb.obj
c:\users\starias\desktop\dydvideojuegos\uni\segundo\cuatri2\ig\practica-_1\ig1app\x64\debug\viewport.obj
c:\users\starias\desktop\dydvideojuegos\uni\segundo\cuatri2\ig\practica-_1\ig1app\x64\debug\vc142.idb
c:\users\starias\desktop\dydvideojuegos\uni\segundo\cuatri2\ig\practica-_1\ig1app\x64\debug\vc142.pdb
c:\users\starias\desktop\dydvideojuegos\uni\segundo\cuatri2\ig\practica-_1\bin\ig1appdebug.pdb
c:\users\starias\desktop\dydvideojuegos\uni\segundo\cuatri2\ig\practica-_1\bin\ig1appdebug.exe
c:\users\starias\desktop\dydvideojuegos\uni\segundo\cuatri2\ig\practica-_1\bin\ig1appdebug.ilk
c:\users\starias\desktop\dydvideojuegos\uni\segundo\cuatri2\ig\practica-_1\ig1app\x64\debug\ig1app.tlog\cl.command.1.tlog
c:\users\starias\desktop\dydvideojuegos\uni\segundo\cuatri2\ig\practica-_1\ig1app\x64\debug\ig1app.tlog\cl.read.1.tlog
c:\users\starias\desktop\dydvideojuegos\uni\segundo\cuatri2\ig\practica-_1\ig1app\x64\debug\ig1app.tlog\cl.write.1.tlog
c:\users\starias\desktop\dydvideojuegos\uni\segundo\cuatri2\ig\practica-_1\ig1app\x64\debug\ig1app.tlog\link.command.1.tlog
c:\users\starias\desktop\dydvideojuegos\uni\segundo\cuatri2\ig\practica-_1\ig1app\x64\debug\ig1app.tlog\link.read.1.tlog
c:\users\starias\desktop\dydvideojuegos\uni\segundo\cuatri2\ig\practica-_1\ig1app\x64\debug\ig1app.tlog\link.write.1.tlog
